[1020/025010.040714:INFO:CONSOLE(314)] "每一个星球都有一个驱动核心，
每一种思想都有影响力的种子。
感受世界的温度，
年轻的你也能成为改变世界的动力，
百度珍惜你所有的潜力。
你的潜力，是改变世界的动力！

", source: https://pss.bdstatic.com/r/www/cache/static/protocol/https/global/js/all_async_search_8f3f605.js (314)
[1020/025010.040967:INFO:CONSOLE(314)] "%c百度2022校园招聘简历投递：https://talent.baidu.com/external/baidu/campus.html color:red", source: https://pss.bdstatic.com/r/www/cache/static/protocol/https/global/js/all_async_search_8f3f605.js (314)
[1020/025010.159451:INFO:CONSOLE(0)] "Failed to decode downloaded font: https://dss0.bdstatic.com/5aV1bjqh_Q23odCf/static/superman/font/iconfont-da69d9b438.woff2", source: https://www.baidu.com/ (0)
[1020/025010.159631:INFO:CONSOLE(0)] "OTS parsing error: invalid sfntVersion: 256", source: https://www.baidu.com/ (0)
[1020/025010.159729:INFO:CONSOLE(0)] "Failed to decode downloaded font: https://dss0.bdstatic.com/5aV1bjqh_Q23odCf/static/superman/font/iconfont-da69d9b438.woff2", source: https://www.baidu.com/ (0)
[1020/025010.159784:INFO:CONSOLE(0)] "OTS parsing error: invalid sfntVersion: 256", source: https://www.baidu.com/ (0)
[1020/025010.159902:INFO:CONSOLE(0)] "Failed to decode downloaded font: https://dss0.bdstatic.com/5aV1bjqh_Q23odCf/static/superman/font/iconfont-da69d9b438.woff2", source: https://www.baidu.com/ (0)
[1020/025010.159980:INFO:CONSOLE(0)] "OTS parsing error: invalid sfntVersion: 256", source: https://www.baidu.com/ (0)
[1020/025010.160021:INFO:CONSOLE(0)] "Failed to decode downloaded font: https://dss0.bdstatic.com/5aV1bjqh_Q23odCf/static/superman/font/iconfont-da69d9b438.woff2", source: https://www.baidu.com/ (0)
[1020/025010.160056:INFO:CONSOLE(0)] "OTS parsing error: invalid sfntVersion: 256", source: https://www.baidu.com/ (0)
[1020/025010.160099:INFO:CONSOLE(0)] "Failed to decode downloaded font: https://dss0.bdstatic.com/5aV1bjqh_Q23odCf/static/superman/font/iconfont-da69d9b438.woff2", source: https://www.baidu.com/ (0)
[1020/025010.160142:INFO:CONSOLE(0)] "OTS parsing error: invalid sfntVersion: 256", source: https://www.baidu.com/ (0)
[1020/025010.160194:INFO:CONSOLE(0)] "Failed to decode downloaded font: https://dss0.bdstatic.com/5aV1bjqh_Q23odCf/static/superman/font/iconfont-da69d9b438.woff2", source: https://www.baidu.com/ (0)
[1020/025010.160240:INFO:CONSOLE(0)] "OTS parsing error: invalid sfntVersion: 256", source: https://www.baidu.com/ (0)
[1020/025010.200489:INFO:CONSOLE(0)] "Failed to decode downloaded font: https://dss0.bdstatic.com/5aV1bjqh_Q23odCf/static/superman/font/iconfont-da69d9b438.woff2", source: https://www.baidu.com/ (0)
[1020/025010.200630:INFO:CONSOLE(0)] "OTS parsing error: invalid sfntVersion: 256", source: https://www.baidu.com/ (0)
[1020/025010.200728:INFO:CONSOLE(0)] "Failed to decode downloaded font: https://dss0.bdstatic.com/5aV1bjqh_Q23odCf/static/superman/font/iconfont-da69d9b438.woff2", source: https://www.baidu.com/ (0)
[1020/025010.201281:INFO:CONSOLE(0)] "OTS parsing error: invalid sfntVersion: 256", source: https://www.baidu.com/ (0)
[1020/025012.662886:INFO:CONSOLE(0)] "Failed to decode downloaded font: https://dss0.bdstatic.com/5aV1bjqh_Q23odCf/static/superman/font/iconfont-da69d9b438.woff2", source: https://www.baidu.com/ (0)
[1020/025012.663044:INFO:CONSOLE(0)] "OTS parsing error: invalid sfntVersion: 256", source: https://www.baidu.com/ (0)
[1020/025012.663117:INFO:CONSOLE(0)] "Failed to decode downloaded font: https://dss0.bdstatic.com/5aV1bjqh_Q23odCf/static/superman/font/iconfont-da69d9b438.woff2", source: https://www.baidu.com/ (0)
[1020/025012.663182:INFO:CONSOLE(0)] "OTS parsing error: invalid sfntVersion: 256", source: https://www.baidu.com/ (0)
[1020/025012.684198:INFO:CONSOLE(219)] "Failed to decode downloaded font: https://dss0.bdstatic.com/5aV1bjqh_Q23odCf/static/superman/font/iconfont-da69d9b438.woff2", source: https://dss0.bdstatic.com/5aV1bjqh_Q23odCf/static/superman/js/lib/jquery-1-edb203c114.10.2.js (219)
[1020/025012.684359:INFO:CONSOLE(219)] "OTS parsing error: invalid sfntVersion: 256", source: https://dss0.bdstatic.com/5aV1bjqh_Q23odCf/static/superman/js/lib/jquery-1-edb203c114.10.2.js (219)
[1020/025012.684448:INFO:CONSOLE(219)] "Failed to decode downloaded font: https://dss0.bdstatic.com/5aV1bjqh_Q23odCf/static/superman/font/iconfont-da69d9b438.woff2", source: https://dss0.bdstatic.com/5aV1bjqh_Q23odCf/static/superman/js/lib/jquery-1-edb203c114.10.2.js (219)
[1020/025012.684509:INFO:CONSOLE(219)] "OTS parsing error: invalid sfntVersion: 256", source: https://dss0.bdstatic.com/5aV1bjqh_Q23odCf/static/superman/js/lib/jquery-1-edb203c114.10.2.js (219)
[1020/025012.834196:INFO:CONSOLE(7026)] "Starting with AC:4, DC:50px, return:null", source:  (7026)
[1020/025012.836209:INFO:CONSOLE(7026)] "Processing Content Structure", source:  (7026)
[1020/025013.781027:INFO:CONSOLE(7026)] "Processing Geometric Structure", source:  (7026)
[1020/025014.738290:INFO:CONSOLE(7026)] "Pre-processing Logic Structure", source:  (7026)
[1020/025014.757677:INFO:CONSOLE(7026)] "Processing Logic Structure", source:  (7026)
[1020/025014.757837:INFO:CONSOLE(7778)] "Pass 1. -1 blocks were touched", source:  (7778)
[1020/025014.761044:INFO:CONSOLE(7778)] "Pass 2. 13 blocks were touched", source:  (7778)
